0 info it worked if it ends with ok
1 verbose cli [ 'C:\\Program Files (x86)\\nodejs\\\\node.exe',
1 verbose cli   'C:\\Program Files (x86)\\nodejs\\node_modules\\npm\\bin\\npm-cli.js',
1 verbose cli   'install',
1 verbose cli   'react' ]
2 info using npm@1.4.28
3 info using node@v0.10.38
4 verbose node symlink C:\Program Files (x86)\nodejs\\node.exe
5 verbose readDependencies using package.json deps
6 verbose cache add [ 'react@^0.13.0', null ]
7 verbose cache add name=undefined spec="react@^0.13.0" args=["react@^0.13.0",null]
8 verbose parsed url { protocol: null,
8 verbose parsed url   slashes: null,
8 verbose parsed url   auth: null,
8 verbose parsed url   host: null,
8 verbose parsed url   port: null,
8 verbose parsed url   hostname: null,
8 verbose parsed url   hash: null,
8 verbose parsed url   search: null,
8 verbose parsed url   query: null,
8 verbose parsed url   pathname: 'react@^0.13.0',
8 verbose parsed url   path: 'react@^0.13.0',
8 verbose parsed url   href: 'react@^0.13.0' }
9 verbose cache add name="react" spec="^0.13.0" args=["react","^0.13.0"]
10 verbose parsed url { protocol: null,
10 verbose parsed url   slashes: null,
10 verbose parsed url   auth: null,
10 verbose parsed url   host: null,
10 verbose parsed url   port: null,
10 verbose parsed url   hostname: null,
10 verbose parsed url   hash: null,
10 verbose parsed url   search: null,
10 verbose parsed url   query: null,
10 verbose parsed url   pathname: '^0.13.0',
10 verbose parsed url   path: '^0.13.0',
10 verbose parsed url   href: '^0.13.0' }
11 verbose addNamed [ 'react', '^0.13.0' ]
12 verbose addNamed [ null, '>=0.13.0-0 <0.14.0-0' ]
13 silly lockFile 5691f262-react-0-13-0 react@^0.13.0
14 verbose lock react@^0.13.0 C:\Users\qtang\AppData\Roaming\npm-cache\5691f262-react-0-13-0.lock
15 silly addNameRange { name: 'react', range: '>=0.13.0-0 <0.14.0-0', hasData: false }
16 verbose request where is /react
17 verbose request registry https://registry.npmjs.org/
18 verbose request id a722d5b325eefc20
19 verbose url raw /react
20 verbose url resolving [ 'https://registry.npmjs.org/', './react' ]
21 verbose url resolved https://registry.npmjs.org/react
22 verbose request where is https://registry.npmjs.org/react
23 info trying registry request attempt 1 at 17:57:50
24 verbose etag "5IY8RN8DXGA5LBNT8I4QOA9EJ"
25 http GET https://registry.npmjs.org/react
26 http 304 https://registry.npmjs.org/react
27 silly registry.get cb [ 304,
27 silly registry.get   { date: 'Wed, 07 Oct 2015 21:57:50 GMT',
27 silly registry.get     via: '1.1 varnish',
27 silly registry.get     'cache-control': 'max-age=60',
27 silly registry.get     etag: '"5IY8RN8DXGA5LBNT8I4QOA9EJ"',
27 silly registry.get     age: '0',
27 silly registry.get     connection: 'keep-alive',
27 silly registry.get     'x-served-by': 'cache-iad2127-IAD',
27 silly registry.get     'x-cache': 'HIT',
27 silly registry.get     'x-cache-hits': '1',
27 silly registry.get     'x-timer': 'S1444255070.945031,VS0,VE373',
27 silly registry.get     vary: 'Accept' } ]
28 verbose etag https://registry.npmjs.org/react from cache
29 silly addNameRange number 2 { name: 'react', range: '>=0.13.0-0 <0.14.0-0', hasData: true }
30 silly addNameRange versions [ 'react',
30 silly addNameRange   [ '0.0.1',
30 silly addNameRange     '0.0.2',
30 silly addNameRange     '0.0.3',
30 silly addNameRange     '0.1.2',
30 silly addNameRange     '0.2.0',
30 silly addNameRange     '0.2.1',
30 silly addNameRange     '0.2.2',
30 silly addNameRange     '0.2.3',
30 silly addNameRange     '0.2.4',
30 silly addNameRange     '0.2.5',
30 silly addNameRange     '0.2.6',
30 silly addNameRange     '0.3.0',
30 silly addNameRange     '0.3.4',
30 silly addNameRange     '0.3.5',
30 silly addNameRange     '0.5.0',
30 silly addNameRange     '0.5.1',
30 silly addNameRange     '0.5.2',
30 silly addNameRange     '0.6.0',
30 silly addNameRange     '0.6.1',
30 silly addNameRange     '0.6.2',
30 silly addNameRange     '0.6.3',
30 silly addNameRange     '0.7.0',
30 silly addNameRange     '0.7.1',
30 silly addNameRange     '0.8.0',
30 silly addNameRange     '0.9.0-rc1',
30 silly addNameRange     '0.9.0',
30 silly addNameRange     '0.10.0-rc1',
30 silly addNameRange     '0.10.0',
30 silly addNameRange     '0.11.0-rc1',
30 silly addNameRange     '0.11.0',
30 silly addNameRange     '0.11.1',
30 silly addNameRange     '0.11.2',
30 silly addNameRange     '0.12.0-rc1',
30 silly addNameRange     '0.12.0',
30 silly addNameRange     '0.12.1',
30 silly addNameRange     '0.12.2',
30 silly addNameRange     '0.13.0-alpha.1',
30 silly addNameRange     '0.13.0-alpha.2',
30 silly addNameRange     '0.13.0-beta.1',
30 silly addNameRange     '0.13.0-beta.2',
30 silly addNameRange     '0.13.0-rc1',
30 silly addNameRange     '0.13.0-rc2',
30 silly addNameRange     '0.13.0',
30 silly addNameRange     '0.13.1',
30 silly addNameRange     '0.13.2',
30 silly addNameRange     '0.13.3',
30 silly addNameRange     '0.14.0-alpha1',
30 silly addNameRange     '0.14.0-alpha2',
30 silly addNameRange     '0.14.0-alpha3',
30 silly addNameRange     '0.14.0-beta1',
30 silly addNameRange     '0.14.0-beta2',
30 silly addNameRange     '0.14.0-beta3',
30 silly addNameRange     '0.14.0-rc1',
30 silly addNameRange     '0.14.0' ] ]
31 verbose addNamed [ 'react', '0.13.3' ]
32 verbose addNamed [ '0.13.3', '0.13.3' ]
33 silly lockFile e90fbd15-react-0-13-3 react@0.13.3
34 verbose lock react@0.13.3 C:\Users\qtang\AppData\Roaming\npm-cache\e90fbd15-react-0-13-3.lock
35 silly lockFile e90fbd15-react-0-13-3 react@0.13.3
36 silly lockFile e90fbd15-react-0-13-3 react@0.13.3
37 silly lockFile 5691f262-react-0-13-0 react@^0.13.0
38 silly lockFile 5691f262-react-0-13-0 react@^0.13.0
39 silly resolved [ { name: 'react',
39 silly resolved     description: 'React is a JavaScript library for building user interfaces.',
39 silly resolved     version: '0.13.3',
39 silly resolved     keywords: [ 'react' ],
39 silly resolved     homepage: 'https://github.com/facebook/react/tree/master/npm-react',
39 silly resolved     bugs: { url: 'https://github.com/facebook/react/issues?labels=react-core' },
39 silly resolved     license: 'BSD-3-Clause',
39 silly resolved     files: [ 'README.md', 'addons.js', 'react.js', 'dist/', 'lib/' ],
39 silly resolved     main: 'react.js',
39 silly resolved     repository: { type: 'git', url: 'https://github.com/facebook/react' },
39 silly resolved     engines: { node: '>=0.10.0' },
39 silly resolved     dependencies: { envify: '^3.0.0' },
39 silly resolved     browserify: { transform: [Object] },
39 silly resolved     _id: 'react@0.13.3',
39 silly resolved     _shasum: 'a2dfa85335d7dc02b82b482f089582e64cc13356',
39 silly resolved     _resolved: 'https://registry.npmjs.org/react/-/react-0.13.3.tgz',
39 silly resolved     _from: 'react@^0.13.0',
39 silly resolved     scripts: {},
39 silly resolved     _npmVersion: '2.7.3',
39 silly resolved     _nodeVersion: '0.10.38',
39 silly resolved     _npmUser: { name: 'zpao', email: 'paul@oshannessy.com' },
39 silly resolved     maintainers: [ [Object], [Object], [Object], [Object] ],
39 silly resolved     dist:
39 silly resolved      { shasum: 'a2dfa85335d7dc02b82b482f089582e64cc13356',
39 silly resolved        tarball: 'http://registry.npmjs.org/react/-/react-0.13.3.tgz' },
39 silly resolved     directories: {},
39 silly resolved     readme: 'ERROR: No README data found!' } ]
40 info install react@0.13.3 into C:\Users\node_app\flux\flux-gameOfLife
41 info installOne react@0.13.3
42 verbose node_modules\react unbuild
43 info preuninstall react@0.13.3
44 info uninstall react@0.13.3
45 verbose true,C:\Users\node_app\flux\flux-gameOfLife\node_modules,C:\Users\node_app\flux\flux-gameOfLife\node_modules unbuild react@0.13.3
46 info postuninstall react@0.13.3
47 verbose tar unpack C:\Users\qtang\AppData\Roaming\npm-cache\react\0.13.3\package.tgz
48 silly lockFile 2f556de4-ux-gameOfLife-node-modules-react tar://C:\Users\node_app\flux\flux-gameOfLife\node_modules\react
49 verbose lock tar://C:\Users\node_app\flux\flux-gameOfLife\node_modules\react C:\Users\qtang\AppData\Roaming\npm-cache\2f556de4-ux-gameOfLife-node-modules-react.lock
50 silly lockFile 14e1fe1f-m-cache-react-0-13-3-package-tgz tar://C:\Users\qtang\AppData\Roaming\npm-cache\react\0.13.3\package.tgz
51 verbose lock tar://C:\Users\qtang\AppData\Roaming\npm-cache\react\0.13.3\package.tgz C:\Users\qtang\AppData\Roaming\npm-cache\14e1fe1f-m-cache-react-0-13-3-package-tgz.lock
52 silly gunzTarPerm modes [ '777', '666' ]
53 silly gunzTarPerm extractEntry package.json
54 silly gunzTarPerm modified mode [ 'package.json', 420, 438 ]
55 silly gunzTarPerm extractEntry README.md
56 silly gunzTarPerm modified mode [ 'README.md', 420, 438 ]
57 silly gunzTarPerm extractEntry addons.js
58 silly gunzTarPerm modified mode [ 'addons.js', 420, 438 ]
59 silly gunzTarPerm extractEntry react.js
60 silly gunzTarPerm modified mode [ 'react.js', 420, 438 ]
61 silly gunzTarPerm extractEntry dist/JSXTransformer.js
62 silly gunzTarPerm modified mode [ 'dist/JSXTransformer.js', 420, 438 ]
63 silly gunzTarPerm extractEntry dist/react-with-addons.js
64 silly gunzTarPerm modified mode [ 'dist/react-with-addons.js', 420, 438 ]
65 silly gunzTarPerm extractEntry dist/react-with-addons.min.js
66 silly gunzTarPerm modified mode [ 'dist/react-with-addons.min.js', 420, 438 ]
67 silly gunzTarPerm extractEntry dist/react.js
68 silly gunzTarPerm modified mode [ 'dist/react.js', 420, 438 ]
69 silly gunzTarPerm extractEntry dist/react.min.js
70 silly gunzTarPerm modified mode [ 'dist/react.min.js', 420, 438 ]
71 silly gunzTarPerm extractEntry lib/AutoFocusMixin.js
72 silly gunzTarPerm modified mode [ 'lib/AutoFocusMixin.js', 420, 438 ]
73 silly gunzTarPerm extractEntry lib/ReactPropTypeLocationNames.js
74 silly gunzTarPerm modified mode [ 'lib/ReactPropTypeLocationNames.js', 420, 438 ]
75 silly gunzTarPerm extractEntry lib/ReactPropTypeLocations.js
76 silly gunzTarPerm modified mode [ 'lib/ReactPropTypeLocations.js', 420, 438 ]
77 silly gunzTarPerm extractEntry lib/ReactPropTypes.js
78 silly gunzTarPerm modified mode [ 'lib/ReactPropTypes.js', 420, 438 ]
79 silly gunzTarPerm extractEntry lib/ReactPropTransferer.js
80 silly gunzTarPerm modified mode [ 'lib/ReactPropTransferer.js', 420, 438 ]
81 silly gunzTarPerm extractEntry lib/ReactReconcileTransaction.js
82 silly gunzTarPerm modified mode [ 'lib/ReactReconcileTransaction.js', 420, 438 ]
83 silly gunzTarPerm extractEntry lib/ReactReconciler.js
84 silly gunzTarPerm modified mode [ 'lib/ReactReconciler.js', 420, 438 ]
85 silly gunzTarPerm extractEntry lib/ReactRef.js
86 silly gunzTarPerm modified mode [ 'lib/ReactRef.js', 420, 438 ]
87 silly gunzTarPerm extractEntry lib/ReactRootIndex.js
88 silly gunzTarPerm modified mode [ 'lib/ReactRootIndex.js', 420, 438 ]
89 silly gunzTarPerm extractEntry lib/ReactServerRendering.js
90 silly gunzTarPerm modified mode [ 'lib/ReactServerRendering.js', 420, 438 ]
91 silly gunzTarPerm extractEntry lib/ReactPerf.js
92 silly gunzTarPerm modified mode [ 'lib/ReactPerf.js', 420, 438 ]
93 silly gunzTarPerm extractEntry lib/ReactServerRenderingTransaction.js
94 silly gunzTarPerm modified mode [ 'lib/ReactServerRenderingTransaction.js', 420, 438 ]
95 silly gunzTarPerm extractEntry lib/ReactOwner.js
96 silly gunzTarPerm modified mode [ 'lib/ReactOwner.js', 420, 438 ]
97 silly gunzTarPerm extractEntry lib/ReactStateSetters.js
98 silly gunzTarPerm modified mode [ 'lib/ReactStateSetters.js', 420, 438 ]
99 silly gunzTarPerm extractEntry lib/ReactNativeComponent.js
100 silly gunzTarPerm modified mode [ 'lib/ReactNativeComponent.js', 420, 438 ]
101 silly gunzTarPerm extractEntry lib/ReactTestUtils.js
102 silly gunzTarPerm modified mode [ 'lib/ReactTestUtils.js', 420, 438 ]
103 silly gunzTarPerm extractEntry lib/ReactMultiChildUpdateTypes.js
104 silly gunzTarPerm modified mode [ 'lib/ReactMultiChildUpdateTypes.js', 420, 438 ]
105 silly gunzTarPerm extractEntry lib/ReactTransitionChildMapping.js
106 silly gunzTarPerm modified mode [ 'lib/ReactTransitionChildMapping.js', 420, 438 ]
107 silly gunzTarPerm extractEntry lib/ReactMultiChild.js
108 silly gunzTarPerm modified mode [ 'lib/ReactMultiChild.js', 420, 438 ]
109 silly gunzTarPerm extractEntry lib/ReactTransitionEvents.js
110 silly gunzTarPerm modified mode [ 'lib/ReactTransitionEvents.js', 420, 438 ]
111 silly gunzTarPerm extractEntry lib/ReactMount.js
112 silly gunzTarPerm modified mode [ 'lib/ReactMount.js', 420, 438 ]
113 silly gunzTarPerm extractEntry lib/ReactTransitionGroup.js
114 silly gunzTarPerm modified mode [ 'lib/ReactTransitionGroup.js', 420, 438 ]
115 silly gunzTarPerm extractEntry lib/ReactMarkupChecksum.js
116 silly gunzTarPerm modified mode [ 'lib/ReactMarkupChecksum.js', 420, 438 ]
117 silly gunzTarPerm extractEntry lib/ReactUpdateQueue.js
118 silly gunzTarPerm modified mode [ 'lib/ReactUpdateQueue.js', 420, 438 ]
119 silly gunzTarPerm extractEntry lib/ReactLink.js
120 silly gunzTarPerm modified mode [ 'lib/ReactLink.js', 420, 438 ]
121 silly gunzTarPerm extractEntry lib/ReactUpdates.js
122 silly gunzTarPerm modified mode [ 'lib/ReactUpdates.js', 420, 438 ]
123 silly gunzTarPerm extractEntry lib/ReactLifeCycle.js
124 silly gunzTarPerm modified mode [ 'lib/ReactLifeCycle.js', 420, 438 ]
125 silly gunzTarPerm extractEntry lib/ReactWithAddons.js
126 silly gunzTarPerm modified mode [ 'lib/ReactWithAddons.js', 420, 438 ]
127 silly gunzTarPerm extractEntry lib/ReactInstanceMap.js
128 silly gunzTarPerm modified mode [ 'lib/ReactInstanceMap.js', 420, 438 ]
129 silly gunzTarPerm extractEntry lib/SVGDOMPropertyConfig.js
130 silly gunzTarPerm modified mode [ 'lib/SVGDOMPropertyConfig.js', 420, 438 ]
131 silly gunzTarPerm extractEntry lib/ReactInstanceHandles.js
132 silly gunzTarPerm modified mode [ 'lib/ReactInstanceHandles.js', 420, 438 ]
133 silly gunzTarPerm extractEntry lib/SelectEventPlugin.js
134 silly gunzTarPerm modified mode [ 'lib/SelectEventPlugin.js', 420, 438 ]
135 silly gunzTarPerm extractEntry lib/ReactInputSelection.js
136 silly gunzTarPerm modified mode [ 'lib/ReactInputSelection.js', 420, 438 ]
137 silly gunzTarPerm extractEntry lib/ServerReactRootIndex.js
138 silly gunzTarPerm modified mode [ 'lib/ServerReactRootIndex.js', 420, 438 ]
139 silly gunzTarPerm extractEntry lib/ReactInjection.js
140 silly gunzTarPerm modified mode [ 'lib/ReactInjection.js', 420, 438 ]
141 silly gunzTarPerm extractEntry lib/SimpleEventPlugin.js
142 silly gunzTarPerm modified mode [ 'lib/SimpleEventPlugin.js', 420, 438 ]
143 silly gunzTarPerm extractEntry lib/ReactFragment.js
144 silly gunzTarPerm modified mode [ 'lib/ReactFragment.js', 420, 438 ]
145 silly gunzTarPerm extractEntry lib/SyntheticClipboardEvent.js
146 silly gunzTarPerm modified mode [ 'lib/SyntheticClipboardEvent.js', 420, 438 ]
147 silly gunzTarPerm extractEntry lib/ReactEventListener.js
148 silly gunzTarPerm modified mode [ 'lib/ReactEventListener.js', 420, 438 ]
149 silly gunzTarPerm extractEntry lib/SyntheticCompositionEvent.js
150 silly gunzTarPerm modified mode [ 'lib/SyntheticCompositionEvent.js', 420, 438 ]
151 silly gunzTarPerm extractEntry lib/ReactEventEmitterMixin.js
152 silly gunzTarPerm modified mode [ 'lib/ReactEventEmitterMixin.js', 420, 438 ]
153 silly gunzTarPerm extractEntry lib/SyntheticDragEvent.js
154 silly gunzTarPerm modified mode [ 'lib/SyntheticDragEvent.js', 420, 438 ]
155 silly gunzTarPerm extractEntry lib/ReactErrorUtils.js
156 silly gunzTarPerm modified mode [ 'lib/ReactErrorUtils.js', 420, 438 ]
157 silly gunzTarPerm extractEntry lib/SyntheticEvent.js
158 silly gunzTarPerm modified mode [ 'lib/SyntheticEvent.js', 420, 438 ]
159 silly gunzTarPerm extractEntry lib/ReactEmptyComponent.js
160 silly gunzTarPerm modified mode [ 'lib/ReactEmptyComponent.js', 420, 438 ]
161 silly gunzTarPerm extractEntry lib/SyntheticFocusEvent.js
162 silly gunzTarPerm modified mode [ 'lib/SyntheticFocusEvent.js', 420, 438 ]
163 silly gunzTarPerm extractEntry lib/ReactElementValidator.js
164 silly gunzTarPerm modified mode [ 'lib/ReactElementValidator.js', 420, 438 ]
165 silly gunzTarPerm extractEntry lib/SyntheticInputEvent.js
166 silly gunzTarPerm modified mode [ 'lib/SyntheticInputEvent.js', 420, 438 ]
167 silly gunzTarPerm extractEntry lib/ReactElement.js
168 silly gunzTarPerm modified mode [ 'lib/ReactElement.js', 420, 438 ]
169 silly gunzTarPerm extractEntry lib/SyntheticKeyboardEvent.js
170 silly gunzTarPerm modified mode [ 'lib/SyntheticKeyboardEvent.js', 420, 438 ]
171 silly gunzTarPerm extractEntry lib/ReactDefaultPerfAnalysis.js
172 silly gunzTarPerm modified mode [ 'lib/ReactDefaultPerfAnalysis.js', 420, 438 ]
173 silly gunzTarPerm extractEntry lib/SyntheticMouseEvent.js
174 silly gunzTarPerm modified mode [ 'lib/SyntheticMouseEvent.js', 420, 438 ]
175 silly gunzTarPerm extractEntry lib/ReactDefaultPerf.js
176 silly gunzTarPerm modified mode [ 'lib/ReactDefaultPerf.js', 420, 438 ]
177 silly gunzTarPerm extractEntry lib/SyntheticTouchEvent.js
178 silly gunzTarPerm modified mode [ 'lib/SyntheticTouchEvent.js', 420, 438 ]
179 silly gunzTarPerm extractEntry lib/ReactDefaultInjection.js
180 silly gunzTarPerm modified mode [ 'lib/ReactDefaultInjection.js', 420, 438 ]
181 silly gunzTarPerm extractEntry lib/SyntheticUIEvent.js
182 silly gunzTarPerm modified mode [ 'lib/SyntheticUIEvent.js', 420, 438 ]
183 silly gunzTarPerm extractEntry lib/ReactDefaultBatchingStrategy.js
184 silly gunzTarPerm modified mode [ 'lib/ReactDefaultBatchingStrategy.js', 420, 438 ]
185 silly gunzTarPerm extractEntry lib/SyntheticWheelEvent.js
186 silly gunzTarPerm modified mode [ 'lib/SyntheticWheelEvent.js', 420, 438 ]
187 silly gunzTarPerm extractEntry lib/ReactDOMTextarea.js
188 silly gunzTarPerm modified mode [ 'lib/ReactDOMTextarea.js', 420, 438 ]
189 silly gunzTarPerm extractEntry lib/Transaction.js
190 silly gunzTarPerm modified mode [ 'lib/Transaction.js', 420, 438 ]
191 silly gunzTarPerm extractEntry lib/ReactDOMTextComponent.js
192 silly gunzTarPerm modified mode [ 'lib/ReactDOMTextComponent.js', 420, 438 ]
193 silly gunzTarPerm extractEntry lib/ViewportMetrics.js
194 silly gunzTarPerm modified mode [ 'lib/ViewportMetrics.js', 420, 438 ]
195 silly gunzTarPerm extractEntry lib/ReactDOMSelection.js
196 silly gunzTarPerm modified mode [ 'lib/ReactDOMSelection.js', 420, 438 ]
197 silly gunzTarPerm extractEntry lib/accumulateInto.js
198 silly gunzTarPerm modified mode [ 'lib/accumulateInto.js', 420, 438 ]
199 silly gunzTarPerm extractEntry lib/ReactDOMSelect.js
200 silly gunzTarPerm modified mode [ 'lib/ReactDOMSelect.js', 420, 438 ]
201 silly gunzTarPerm extractEntry lib/adler32.js
202 silly gunzTarPerm modified mode [ 'lib/adler32.js', 420, 438 ]
203 silly gunzTarPerm extractEntry lib/ReactDOMOption.js
204 silly gunzTarPerm modified mode [ 'lib/ReactDOMOption.js', 420, 438 ]
205 silly gunzTarPerm extractEntry lib/camelize.js
206 silly gunzTarPerm modified mode [ 'lib/camelize.js', 420, 438 ]
207 silly gunzTarPerm extractEntry lib/ReactDOMInput.js
208 silly gunzTarPerm modified mode [ 'lib/ReactDOMInput.js', 420, 438 ]
209 silly gunzTarPerm extractEntry lib/camelizeStyleName.js
210 silly gunzTarPerm modified mode [ 'lib/camelizeStyleName.js', 420, 438 ]
211 silly gunzTarPerm extractEntry lib/ReactDOMImg.js
212 silly gunzTarPerm modified mode [ 'lib/ReactDOMImg.js', 420, 438 ]
213 silly gunzTarPerm extractEntry lib/cloneWithProps.js
214 silly gunzTarPerm modified mode [ 'lib/cloneWithProps.js', 420, 438 ]
215 silly gunzTarPerm extractEntry lib/ReactDOMIframe.js
216 silly gunzTarPerm modified mode [ 'lib/ReactDOMIframe.js', 420, 438 ]
217 silly gunzTarPerm extractEntry lib/containsNode.js
218 silly gunzTarPerm modified mode [ 'lib/containsNode.js', 420, 438 ]
219 silly gunzTarPerm extractEntry lib/ReactDOMIDOperations.js
220 silly gunzTarPerm modified mode [ 'lib/ReactDOMIDOperations.js', 420, 438 ]
221 silly gunzTarPerm extractEntry lib/createArrayFromMixed.js
222 silly gunzTarPerm modified mode [ 'lib/createArrayFromMixed.js', 420, 438 ]
223 silly gunzTarPerm extractEntry lib/ReactDOMForm.js
224 silly gunzTarPerm modified mode [ 'lib/ReactDOMForm.js', 420, 438 ]
225 silly gunzTarPerm extractEntry lib/createFullPageComponent.js
226 silly gunzTarPerm modified mode [ 'lib/createFullPageComponent.js', 420, 438 ]
227 silly gunzTarPerm extractEntry lib/ReactDOMComponent.js
228 silly gunzTarPerm modified mode [ 'lib/ReactDOMComponent.js', 420, 438 ]
229 silly gunzTarPerm extractEntry lib/createNodesFromMarkup.js
230 silly gunzTarPerm modified mode [ 'lib/createNodesFromMarkup.js', 420, 438 ]
231 silly gunzTarPerm extractEntry lib/ReactDOMButton.js
232 silly gunzTarPerm modified mode [ 'lib/ReactDOMButton.js', 420, 438 ]
233 silly gunzTarPerm extractEntry lib/cx.js
234 silly gunzTarPerm modified mode [ 'lib/cx.js', 420, 438 ]
235 silly gunzTarPerm extractEntry lib/ReactDOM.js
236 silly gunzTarPerm modified mode [ 'lib/ReactDOM.js', 420, 438 ]
237 silly gunzTarPerm extractEntry lib/dangerousStyleValue.js
238 silly gunzTarPerm modified mode [ 'lib/dangerousStyleValue.js', 420, 438 ]
239 silly gunzTarPerm extractEntry lib/ReactCurrentOwner.js
240 silly gunzTarPerm modified mode [ 'lib/ReactCurrentOwner.js', 420, 438 ]
241 silly gunzTarPerm extractEntry lib/emptyFunction.js
242 silly gunzTarPerm modified mode [ 'lib/emptyFunction.js', 420, 438 ]
243 silly gunzTarPerm extractEntry lib/ReactContext.js
244 silly gunzTarPerm modified mode [ 'lib/ReactContext.js', 420, 438 ]
245 silly gunzTarPerm extractEntry lib/emptyObject.js
246 silly gunzTarPerm modified mode [ 'lib/emptyObject.js', 420, 438 ]
247 silly gunzTarPerm extractEntry lib/ReactCompositeComponent.js
248 silly gunzTarPerm modified mode [ 'lib/ReactCompositeComponent.js', 420, 438 ]
249 silly gunzTarPerm extractEntry lib/escapeTextContentForBrowser.js
250 silly gunzTarPerm modified mode [ 'lib/escapeTextContentForBrowser.js', 420, 438 ]
251 silly gunzTarPerm extractEntry lib/ReactComponentWithPureRenderMixin.js
252 silly gunzTarPerm modified mode [ 'lib/ReactComponentWithPureRenderMixin.js', 420, 438 ]
253 silly gunzTarPerm extractEntry lib/findDOMNode.js
254 silly gunzTarPerm modified mode [ 'lib/findDOMNode.js', 420, 438 ]
255 silly gunzTarPerm extractEntry lib/ReactComponentEnvironment.js
256 silly gunzTarPerm modified mode [ 'lib/ReactComponentEnvironment.js', 420, 438 ]
257 silly gunzTarPerm extractEntry lib/flattenChildren.js
258 silly gunzTarPerm modified mode [ 'lib/flattenChildren.js', 420, 438 ]
259 silly gunzTarPerm extractEntry lib/ReactComponentBrowserEnvironment.js
260 silly gunzTarPerm modified mode [ 'lib/ReactComponentBrowserEnvironment.js', 420, 438 ]
261 silly gunzTarPerm extractEntry lib/focusNode.js
262 silly gunzTarPerm modified mode [ 'lib/focusNode.js', 420, 438 ]
263 silly gunzTarPerm extractEntry lib/ReactComponent.js
264 silly gunzTarPerm modified mode [ 'lib/ReactComponent.js', 420, 438 ]
265 silly gunzTarPerm extractEntry lib/forEachAccumulated.js
266 silly gunzTarPerm modified mode [ 'lib/forEachAccumulated.js', 420, 438 ]
267 silly gunzTarPerm extractEntry lib/ReactClass.js
268 silly gunzTarPerm modified mode [ 'lib/ReactClass.js', 420, 438 ]
269 silly gunzTarPerm extractEntry lib/getActiveElement.js
270 silly gunzTarPerm modified mode [ 'lib/getActiveElement.js', 420, 438 ]
271 silly gunzTarPerm extractEntry lib/ReactChildren.js
272 silly gunzTarPerm modified mode [ 'lib/ReactChildren.js', 420, 438 ]
273 silly gunzTarPerm extractEntry lib/getEventCharCode.js
274 silly gunzTarPerm modified mode [ 'lib/getEventCharCode.js', 420, 438 ]
275 silly gunzTarPerm extractEntry lib/ReactChildReconciler.js
276 silly gunzTarPerm modified mode [ 'lib/ReactChildReconciler.js', 420, 438 ]
277 silly gunzTarPerm extractEntry lib/getEventKey.js
278 silly gunzTarPerm modified mode [ 'lib/getEventKey.js', 420, 438 ]
279 silly gunzTarPerm extractEntry lib/ReactCSSTransitionGroupChild.js
280 silly gunzTarPerm modified mode [ 'lib/ReactCSSTransitionGroupChild.js', 420, 438 ]
281 silly gunzTarPerm extractEntry lib/getEventModifierState.js
282 silly gunzTarPerm modified mode [ 'lib/getEventModifierState.js', 420, 438 ]
283 silly gunzTarPerm extractEntry lib/ReactCSSTransitionGroup.js
284 silly gunzTarPerm modified mode [ 'lib/ReactCSSTransitionGroup.js', 420, 438 ]
285 silly gunzTarPerm extractEntry lib/getEventTarget.js
286 silly gunzTarPerm modified mode [ 'lib/getEventTarget.js', 420, 438 ]
287 silly gunzTarPerm extractEntry lib/ReactBrowserEventEmitter.js
288 silly gunzTarPerm modified mode [ 'lib/ReactBrowserEventEmitter.js', 420, 438 ]
289 silly gunzTarPerm extractEntry lib/getIteratorFn.js
290 silly gunzTarPerm modified mode [ 'lib/getIteratorFn.js', 420, 438 ]
291 silly gunzTarPerm extractEntry lib/ReactBrowserComponentMixin.js
292 silly gunzTarPerm modified mode [ 'lib/ReactBrowserComponentMixin.js', 420, 438 ]
293 silly gunzTarPerm extractEntry lib/getMarkupWrap.js
294 silly gunzTarPerm modified mode [ 'lib/getMarkupWrap.js', 420, 438 ]
295 silly gunzTarPerm extractEntry lib/React.js
296 silly gunzTarPerm modified mode [ 'lib/React.js', 420, 438 ]
297 silly gunzTarPerm extractEntry lib/getNodeForCharacterOffset.js
298 silly gunzTarPerm modified mode [ 'lib/getNodeForCharacterOffset.js', 420, 438 ]
299 silly gunzTarPerm extractEntry lib/PooledClass.js
300 silly gunzTarPerm modified mode [ 'lib/PooledClass.js', 420, 438 ]
301 silly gunzTarPerm extractEntry lib/getReactRootElementInContainer.js
302 silly gunzTarPerm modified mode [ 'lib/getReactRootElementInContainer.js', 420, 438 ]
303 silly gunzTarPerm extractEntry lib/Object.assign.js
304 silly gunzTarPerm modified mode [ 'lib/Object.assign.js', 420, 438 ]
305 silly gunzTarPerm extractEntry lib/getTextContentAccessor.js
306 silly gunzTarPerm modified mode [ 'lib/getTextContentAccessor.js', 420, 438 ]
307 silly gunzTarPerm extractEntry lib/MobileSafariClickEventPlugin.js
308 silly gunzTarPerm modified mode [ 'lib/MobileSafariClickEventPlugin.js', 420, 438 ]
309 silly gunzTarPerm extractEntry lib/getUnboundedScrollPosition.js
310 silly gunzTarPerm modified mode [ 'lib/getUnboundedScrollPosition.js', 420, 438 ]
311 silly gunzTarPerm extractEntry lib/LocalEventTrapMixin.js
312 silly gunzTarPerm modified mode [ 'lib/LocalEventTrapMixin.js', 420, 438 ]
313 silly gunzTarPerm extractEntry lib/hyphenate.js
314 silly gunzTarPerm modified mode [ 'lib/hyphenate.js', 420, 438 ]
315 silly gunzTarPerm extractEntry lib/LinkedValueUtils.js
316 silly gunzTarPerm modified mode [ 'lib/LinkedValueUtils.js', 420, 438 ]
317 silly gunzTarPerm extractEntry lib/hyphenateStyleName.js
318 silly gunzTarPerm modified mode [ 'lib/hyphenateStyleName.js', 420, 438 ]
319 silly gunzTarPerm extractEntry lib/LinkedStateMixin.js
320 silly gunzTarPerm modified mode [ 'lib/LinkedStateMixin.js', 420, 438 ]
321 silly gunzTarPerm extractEntry lib/instantiateReactComponent.js
322 silly gunzTarPerm modified mode [ 'lib/instantiateReactComponent.js', 420, 438 ]
323 silly gunzTarPerm extractEntry lib/HTMLDOMPropertyConfig.js
324 silly gunzTarPerm modified mode [ 'lib/HTMLDOMPropertyConfig.js', 420, 438 ]
325 silly gunzTarPerm extractEntry lib/invariant.js
326 silly gunzTarPerm modified mode [ 'lib/invariant.js', 420, 438 ]
327 silly gunzTarPerm extractEntry lib/FallbackCompositionState.js
328 silly gunzTarPerm modified mode [ 'lib/FallbackCompositionState.js', 420, 438 ]
329 silly gunzTarPerm extractEntry lib/isEventSupported.js
330 silly gunzTarPerm modified mode [ 'lib/isEventSupported.js', 420, 438 ]
331 silly gunzTarPerm extractEntry lib/ExecutionEnvironment.js
332 silly gunzTarPerm modified mode [ 'lib/ExecutionEnvironment.js', 420, 438 ]
333 silly gunzTarPerm extractEntry lib/isNode.js
334 silly gunzTarPerm modified mode [ 'lib/isNode.js', 420, 438 ]
335 silly gunzTarPerm extractEntry lib/EventPropagators.js
336 silly gunzTarPerm modified mode [ 'lib/EventPropagators.js', 420, 438 ]
337 silly gunzTarPerm extractEntry lib/isTextInputElement.js
338 silly gunzTarPerm modified mode [ 'lib/isTextInputElement.js', 420, 438 ]
339 silly gunzTarPerm extractEntry lib/EventPluginUtils.js
340 silly gunzTarPerm modified mode [ 'lib/EventPluginUtils.js', 420, 438 ]
341 silly gunzTarPerm extractEntry lib/isTextNode.js
342 silly gunzTarPerm modified mode [ 'lib/isTextNode.js', 420, 438 ]
343 silly gunzTarPerm extractEntry lib/EventPluginRegistry.js
344 silly gunzTarPerm modified mode [ 'lib/EventPluginRegistry.js', 420, 438 ]
345 silly gunzTarPerm extractEntry lib/joinClasses.js
346 silly gunzTarPerm modified mode [ 'lib/joinClasses.js', 420, 438 ]
347 silly gunzTarPerm extractEntry lib/EventPluginHub.js
348 silly gunzTarPerm modified mode [ 'lib/EventPluginHub.js', 420, 438 ]
349 silly gunzTarPerm extractEntry lib/keyMirror.js
350 silly gunzTarPerm modified mode [ 'lib/keyMirror.js', 420, 438 ]
351 silly gunzTarPerm extractEntry lib/EventListener.js
352 silly gunzTarPerm modified mode [ 'lib/EventListener.js', 420, 438 ]
353 silly gunzTarPerm extractEntry lib/keyOf.js
354 silly gunzTarPerm modified mode [ 'lib/keyOf.js', 420, 438 ]
355 silly gunzTarPerm extractEntry lib/EventConstants.js
356 silly gunzTarPerm modified mode [ 'lib/EventConstants.js', 420, 438 ]
357 silly gunzTarPerm extractEntry lib/mapObject.js
358 silly gunzTarPerm modified mode [ 'lib/mapObject.js', 420, 438 ]
359 silly gunzTarPerm extractEntry lib/EnterLeaveEventPlugin.js
360 silly gunzTarPerm modified mode [ 'lib/EnterLeaveEventPlugin.js', 420, 438 ]
361 silly gunzTarPerm extractEntry lib/memoizeStringOnly.js
362 silly gunzTarPerm modified mode [ 'lib/memoizeStringOnly.js', 420, 438 ]
363 silly gunzTarPerm extractEntry lib/DefaultEventPluginOrder.js
364 silly gunzTarPerm modified mode [ 'lib/DefaultEventPluginOrder.js', 420, 438 ]
365 silly gunzTarPerm extractEntry lib/onlyChild.js
366 silly gunzTarPerm modified mode [ 'lib/onlyChild.js', 420, 438 ]
367 silly gunzTarPerm extractEntry lib/Danger.js
368 silly gunzTarPerm modified mode [ 'lib/Danger.js', 420, 438 ]
369 silly gunzTarPerm extractEntry lib/performance.js
370 silly gunzTarPerm modified mode [ 'lib/performance.js', 420, 438 ]
371 silly gunzTarPerm extractEntry lib/DOMPropertyOperations.js
372 silly gunzTarPerm modified mode [ 'lib/DOMPropertyOperations.js', 420, 438 ]
373 silly gunzTarPerm extractEntry lib/performanceNow.js
374 silly gunzTarPerm modified mode [ 'lib/performanceNow.js', 420, 438 ]
375 silly gunzTarPerm extractEntry lib/DOMProperty.js
376 silly gunzTarPerm modified mode [ 'lib/DOMProperty.js', 420, 438 ]
377 silly gunzTarPerm extractEntry lib/quoteAttributeValueForBrowser.js
378 silly gunzTarPerm modified mode [ 'lib/quoteAttributeValueForBrowser.js', 420, 438 ]
379 silly gunzTarPerm extractEntry lib/DOMChildrenOperations.js
380 silly gunzTarPerm modified mode [ 'lib/DOMChildrenOperations.js', 420, 438 ]
381 silly gunzTarPerm extractEntry lib/setInnerHTML.js
382 silly gunzTarPerm modified mode [ 'lib/setInnerHTML.js', 420, 438 ]
383 silly gunzTarPerm extractEntry lib/ClientReactRootIndex.js
384 silly gunzTarPerm modified mode [ 'lib/ClientReactRootIndex.js', 420, 438 ]
385 silly gunzTarPerm extractEntry lib/setTextContent.js
386 silly gunzTarPerm modified mode [ 'lib/setTextContent.js', 420, 438 ]
387 silly gunzTarPerm extractEntry lib/ChangeEventPlugin.js
388 silly gunzTarPerm modified mode [ 'lib/ChangeEventPlugin.js', 420, 438 ]
389 silly gunzTarPerm extractEntry lib/shallowEqual.js
390 silly gunzTarPerm modified mode [ 'lib/shallowEqual.js', 420, 438 ]
391 silly gunzTarPerm extractEntry lib/CallbackQueue.js
392 silly gunzTarPerm modified mode [ 'lib/CallbackQueue.js', 420, 438 ]
393 silly gunzTarPerm extractEntry lib/shouldUpdateReactComponent.js
394 silly gunzTarPerm modified mode [ 'lib/shouldUpdateReactComponent.js', 420, 438 ]
395 silly gunzTarPerm extractEntry lib/CSSPropertyOperations.js
396 silly gunzTarPerm modified mode [ 'lib/CSSPropertyOperations.js', 420, 438 ]
397 silly gunzTarPerm extractEntry lib/toArray.js
398 silly gunzTarPerm modified mode [ 'lib/toArray.js', 420, 438 ]
399 silly gunzTarPerm extractEntry lib/CSSProperty.js
400 silly gunzTarPerm modified mode [ 'lib/CSSProperty.js', 420, 438 ]
401 silly gunzTarPerm extractEntry lib/traverseAllChildren.js
402 silly gunzTarPerm modified mode [ 'lib/traverseAllChildren.js', 420, 438 ]
403 silly gunzTarPerm extractEntry lib/CSSCore.js
404 silly gunzTarPerm modified mode [ 'lib/CSSCore.js', 420, 438 ]
405 silly gunzTarPerm extractEntry lib/update.js
406 silly gunzTarPerm modified mode [ 'lib/update.js', 420, 438 ]
407 silly gunzTarPerm extractEntry lib/BeforeInputEventPlugin.js
408 silly gunzTarPerm modified mode [ 'lib/BeforeInputEventPlugin.js', 420, 438 ]
409 silly gunzTarPerm extractEntry lib/warning.js
410 silly gunzTarPerm modified mode [ 'lib/warning.js', 420, 438 ]
411 silly gunzTarPerm extractEntry lib/ReactPutListenerQueue.js
412 silly gunzTarPerm modified mode [ 'lib/ReactPutListenerQueue.js', 420, 438 ]
413 silly lockFile 2f556de4-ux-gameOfLife-node-modules-react tar://C:\Users\node_app\flux\flux-gameOfLife\node_modules\react
414 silly lockFile 2f556de4-ux-gameOfLife-node-modules-react tar://C:\Users\node_app\flux\flux-gameOfLife\node_modules\react
415 silly lockFile 14e1fe1f-m-cache-react-0-13-3-package-tgz tar://C:\Users\qtang\AppData\Roaming\npm-cache\react\0.13.3\package.tgz
416 silly lockFile 14e1fe1f-m-cache-react-0-13-3-package-tgz tar://C:\Users\qtang\AppData\Roaming\npm-cache\react\0.13.3\package.tgz
417 info preinstall react@0.13.3
418 verbose readDependencies using package.json deps
419 verbose readDependencies using package.json deps
420 silly resolved []
421 verbose about to build C:\Users\node_app\flux\flux-gameOfLife\node_modules\react
422 info build C:\Users\node_app\flux\flux-gameOfLife\node_modules\react
423 verbose linkStuff [ false,
423 verbose linkStuff   false,
423 verbose linkStuff   false,
423 verbose linkStuff   'C:\\Users\\node_app\\flux\\flux-gameOfLife\\node_modules' ]
424 info linkStuff react@0.13.3
425 verbose linkBins react@0.13.3
426 verbose linkMans react@0.13.3
427 verbose rebuildBundles react@0.13.3
428 info install react@0.13.3
429 info postinstall react@0.13.3
430 error peerinvalid The package react does not satisfy its siblings' peerDependencies requirements!
430 error peerinvalid Peer react-bootstrap@0.27.0 wants react@>=0.14.0
431 error System Windows_NT 6.1.7601
432 error command "C:\\Program Files (x86)\\nodejs\\\\node.exe" "C:\\Program Files (x86)\\nodejs\\node_modules\\npm\\bin\\npm-cli.js" "install" "react"
433 error cwd C:\Users\node_app\flux\flux-gameOfLife
434 error node -v v0.10.38
435 error npm -v 1.4.28
436 error code EPEERINVALID
437 verbose exit [ 1, true ]
